<?xml version="1.0" encoding="UTF-8"?>
<testng-results ignored="0" total="1" passed="1" failed="0" skipped="0">
  <reporter-output>
  </reporter-output>
  <suite started-at="2018-11-19T16:56:33Z" name="Default suite" finished-at="2018-11-19T16:56:40Z" duration-ms="7179">
    <groups>
    </groups>
    <test started-at="2018-11-19T16:56:33Z" name="Default test" finished-at="2018-11-19T16:56:40Z" duration-ms="7179">
      <class name="getRequest.GetData">
        <test-method signature="testResponse()[pri:0, instance:getRequest.GetData@3a52dba3]" started-at="2018-11-19T22:26:33Z" name="testResponse" finished-at="2018-11-19T22:26:40Z" duration-ms="7124" status="PASS">
          <reporter-output>
          </reporter-output>
        </test-method> <!-- testResponse -->
      </class> <!-- getRequest.GetData -->
    </test> <!-- Default test -->
  </suite> <!-- Default suite -->
</testng-results>
